<?xml version="1.0" encoding="UTF-8"?>
<testsuite name="com.sixdelta.app.TestCase" tests="1" skipped="0" failures="0" errors="0" timestamp="2018-02-13T17:55:59" hostname="HP-PC" time="0.001">
  <properties/>
  <testcase name="firstTest" classname="com.sixdelta.app.TestCase" time="0.001"/>
  <system-out><![CDATA[]]></system-out>
  <system-err><![CDATA[]]></system-err>
</testsuite>
